2021-06-26 17:51:08 [Thread-16] INFO  org.yefei.service.SchoolScoreService - 哈尔滨师范大学 查询录取分
2021-06-26 17:51:11 [Thread-16] INFO  org.yefei.http.OkHttpClient - 准备调用http服务: https://static-data.eol.cn/www/2.0/schoolspecialindex/2020/1062/51/1/8/1.json
2021-06-26 17:51:11 [Thread-16] INFO  org.yefei.service.SchoolScoreService - 哈尔滨师范大学 采集2020年分数没有结果
2021-06-26 17:51:13 [Thread-16] INFO  org.yefei.http.OkHttpClient - 准备调用http服务: https://static-data.eol.cn/www/2.0/schoolspecialindex/2019/1062/51/1/8/1.json
2021-06-26 17:51:19 [Thread-16] INFO  org.yefei.http.OkHttpClient - 准备调用http服务: https://static-data.eol.cn/www/2.0/schoolspecialindex/2018/1062/51/1/8/1.json
2021-06-26 17:51:23 [Thread-16] INFO  org.yefei.service.SchoolScoreService - 黑龙江科技大学 查询录取分
2021-06-26 17:51:25 [Thread-16] INFO  org.yefei.http.OkHttpClient - 准备调用http服务: https://static-data.eol.cn/www/2.0/schoolspecialindex/2020/450/51/1/8/1.json
2021-06-26 17:51:25 [Thread-16] INFO  org.yefei.service.SchoolScoreService - 黑龙江科技大学 采集2020年分数没有结果
2021-06-26 17:51:27 [Thread-16] INFO  org.yefei.http.OkHttpClient - 准备调用http服务: https://static-data.eol.cn/www/2.0/schoolspecialindex/2019/450/51/1/8/1.json
2021-06-26 17:51:35 [Thread-16] INFO  org.yefei.http.OkHttpClient - 准备调用http服务: https://static-data.eol.cn/www/2.0/schoolspecialindex/2019/450/51/1/8/2.json
2021-06-26 17:51:44 [Thread-16] INFO  org.yefei.http.OkHttpClient - 准备调用http服务: https://static-data.eol.cn/www/2.0/schoolspecialindex/2019/450/51/1/8/3.json
2021-06-26 17:51:52 [Thread-16] INFO  org.yefei.http.OkHttpClient - 准备调用http服务: https://static-data.eol.cn/www/2.0/schoolspecialindex/2019/450/51/1/8/4.json
2021-06-26 17:51:55 [Thread-16] INFO  org.yefei.http.OkHttpClient - 准备调用http服务: https://static-data.eol.cn/www/2.0/schoolspecialindex/2018/450/51/1/8/1.json
2021-06-26 17:52:03 [Thread-16] INFO  org.yefei.http.OkHttpClient - 准备调用http服务: https://static-data.eol.cn/www/2.0/schoolspecialindex/2018/450/51/1/8/2.json
2021-06-26 17:52:12 [Thread-16] INFO  org.yefei.http.OkHttpClient - 准备调用http服务: https://static-data.eol.cn/www/2.0/schoolspecialindex/2018/450/51/1/8/3.json
2021-06-26 17:52:20 [Thread-16] INFO  org.yefei.http.OkHttpClient - 准备调用http服务: https://static-data.eol.cn/www/2.0/schoolspecialindex/2018/450/51/1/8/4.json
2021-06-26 17:52:21 [Thread-16] INFO  org.yefei.service.SchoolScoreService - 哈尔滨金融学院 查询录取分
2021-06-26 17:52:23 [Thread-16] INFO  org.yefei.http.OkHttpClient - 准备调用http服务: https://static-data.eol.cn/www/2.0/schoolspecialindex/2020/711/51/1/8/1.json
2021-06-26 17:52:23 [Thread-16] INFO  org.yefei.service.SchoolScoreService - 哈尔滨金融学院 采集2020年分数没有结果
2021-06-26 17:52:25 [Thread-16] INFO  org.yefei.http.OkHttpClient - 准备调用http服务: https://static-data.eol.cn/www/2.0/schoolspecialindex/2019/711/51/1/8/1.json
2021-06-26 17:52:34 [Thread-16] INFO  org.yefei.http.OkHttpClient - 准备调用http服务: https://static-data.eol.cn/www/2.0/schoolspecialindex/2019/711/51/1/8/2.json
2021-06-26 17:52:42 [Thread-16] INFO  org.yefei.http.OkHttpClient - 准备调用http服务: https://static-data.eol.cn/www/2.0/schoolspecialindex/2018/711/51/1/8/1.json
2021-06-26 17:52:50 [Thread-16] INFO  org.yefei.http.OkHttpClient - 准备调用http服务: https://static-data.eol.cn/www/2.0/schoolspecialindex/2018/711/51/1/8/2.json
2021-06-26 17:52:59 [Thread-16] INFO  org.yefei.http.OkHttpClient - 准备调用http服务: https://static-data.eol.cn/www/2.0/schoolspecialindex/2018/711/51/1/8/3.json
2021-06-26 17:53:00 [Thread-16] INFO  org.yefei.service.SchoolScoreService - 黑龙江东方学院 查询录取分
2021-06-26 17:53:02 [Thread-16] INFO  org.yefei.http.OkHttpClient - 准备调用http服务: https://static-data.eol.cn/www/2.0/schoolspecialindex/2020/456/51/1/8/1.json
2021-06-26 17:53:03 [Thread-16] INFO  org.yefei.service.SchoolScoreService - 黑龙江东方学院 采集2020年分数没有结果
2021-06-26 17:53:05 [Thread-16] INFO  org.yefei.http.OkHttpClient - 准备调用http服务: https://static-data.eol.cn/www/2.0/schoolspecialindex/2019/456/51/1/8/1.json
2021-06-26 17:53:13 [Thread-16] INFO  org.yefei.http.OkHttpClient - 准备调用http服务: https://static-data.eol.cn/www/2.0/schoolspecialindex/2019/456/51/1/8/2.json
2021-06-26 17:53:17 [Thread-16] INFO  org.yefei.http.OkHttpClient - 准备调用http服务: https://static-data.eol.cn/www/2.0/schoolspecialindex/2018/456/51/1/8/1.json
2021-06-26 17:53:26 [Thread-16] INFO  org.yefei.http.OkHttpClient - 准备调用http服务: https://static-data.eol.cn/www/2.0/schoolspecialindex/2018/456/51/1/8/2.json
2021-06-26 17:53:28 [Thread-16] INFO  org.yefei.service.SchoolScoreService - 齐齐哈尔医学院 查询录取分
2021-06-26 17:53:30 [Thread-16] INFO  org.yefei.http.OkHttpClient - 准备调用http服务: https://static-data.eol.cn/www/2.0/schoolspecialindex/2020/454/51/1/8/1.json
2021-06-26 17:53:31 [Thread-16] INFO  org.yefei.service.SchoolScoreService - 齐齐哈尔医学院 采集2020年分数没有结果
2021-06-26 17:53:33 [Thread-16] INFO  org.yefei.http.OkHttpClient - 准备调用http服务: https://static-data.eol.cn/www/2.0/schoolspecialindex/2019/454/51/1/8/1.json
2021-06-26 17:53:41 [Thread-16] INFO  org.yefei.http.OkHttpClient - 准备调用http服务: https://static-data.eol.cn/www/2.0/schoolspecialindex/2019/454/51/1/8/2.json
2021-06-26 17:53:45 [Thread-16] INFO  org.yefei.http.OkHttpClient - 准备调用http服务: https://static-data.eol.cn/www/2.0/schoolspecialindex/2018/454/51/1/8/1.json
2021-06-26 17:53:53 [Thread-16] INFO  org.yefei.http.OkHttpClient - 准备调用http服务: https://static-data.eol.cn/www/2.0/schoolspecialindex/2018/454/51/1/8/2.json
2021-06-26 17:53:55 [Thread-16] INFO  org.yefei.service.SchoolScoreService - 大庆师范学院 查询录取分
2021-06-26 17:53:58 [Thread-16] INFO  org.yefei.http.OkHttpClient - 准备调用http服务: https://static-data.eol.cn/www/2.0/schoolspecialindex/2020/1012/51/1/8/1.json
2021-06-26 17:53:58 [Thread-16] INFO  org.yefei.service.SchoolScoreService - 大庆师范学院 采集2020年分数没有结果
2021-06-26 17:54:00 [Thread-16] INFO  org.yefei.http.OkHttpClient - 准备调用http服务: https://static-data.eol.cn/www/2.0/schoolspecialindex/2019/1012/51/1/8/1.json
2021-06-26 17:54:09 [Thread-16] INFO  org.yefei.http.OkHttpClient - 准备调用http服务: https://static-data.eol.cn/www/2.0/schoolspecialindex/2019/1012/51/1/8/2.json
2021-06-26 17:54:11 [Thread-16] INFO  org.yefei.http.OkHttpClient - 准备调用http服务: https://static-data.eol.cn/www/2.0/schoolspecialindex/2018/1012/51/1/8/1.json
2021-06-26 17:54:20 [Thread-16] INFO  org.yefei.http.OkHttpClient - 准备调用http服务: https://static-data.eol.cn/www/2.0/schoolspecialindex/2018/1012/51/1/8/2.json
2021-06-26 17:54:21 [Thread-16] INFO  org.yefei.service.SchoolScoreService - 牡丹江医学院 查询录取分
2021-06-26 17:54:23 [Thread-16] INFO  org.yefei.http.OkHttpClient - 准备调用http服务: https://static-data.eol.cn/www/2.0/schoolspecialindex/2020/453/51/1/8/1.json
2021-06-26 17:54:23 [Thread-16] INFO  org.yefei.service.SchoolScoreService - 牡丹江医学院 采集2020年分数没有结果
2021-06-26 17:54:26 [Thread-16] INFO  org.yefei.http.OkHttpClient - 准备调用http服务: https://static-data.eol.cn/www/2.0/schoolspecialindex/2019/453/51/1/8/1.json
2021-06-26 17:54:34 [Thread-16] INFO  org.yefei.http.OkHttpClient - 准备调用http服务: https://static-data.eol.cn/www/2.0/schoolspecialindex/2019/453/51/1/8/2.json
2021-06-26 17:54:38 [Thread-16] INFO  org.yefei.http.OkHttpClient - 准备调用http服务: https://static-data.eol.cn/www/2.0/schoolspecialindex/2018/453/51/1/8/1.json
2021-06-26 17:54:46 [Thread-16] INFO  org.yefei.http.OkHttpClient - 准备调用http服务: https://static-data.eol.cn/www/2.0/schoolspecialindex/2018/453/51/1/8/2.json
2021-06-26 17:54:48 [Thread-16] INFO  org.yefei.service.SchoolScoreService - 黑龙江外国语学院 查询录取分
2021-06-26 17:54:51 [Thread-16] INFO  org.yefei.http.OkHttpClient - 准备调用http服务: https://static-data.eol.cn/www/2.0/schoolspecialindex/2020/1328/51/1/8/1.json
2021-06-26 17:54:51 [Thread-16] INFO  org.yefei.service.SchoolScoreService - 黑龙江外国语学院 采集2020年分数没有结果
2021-06-26 17:54:53 [Thread-16] INFO  org.yefei.http.OkHttpClient - 准备调用http服务: https://static-data.eol.cn/www/2.0/schoolspecialindex/2019/1328/51/1/8/1.json
2021-06-26 17:54:57 [Thread-16] INFO  org.yefei.http.OkHttpClient - 准备调用http服务: https://static-data.eol.cn/www/2.0/schoolspecialindex/2018/1328/51/1/8/1.json
2021-06-26 17:54:57 [Thread-16] INFO  org.yefei.service.SchoolScoreService - 黑龙江外国语学院 采集2018年分数没有结果
2021-06-26 17:54:57 [Thread-16] INFO  org.yefei.service.SchoolScoreService - 黑河学院 查询录取分
2021-06-26 17:54:59 [Thread-16] INFO  org.yefei.http.OkHttpClient - 准备调用http服务: https://static-data.eol.cn/www/2.0/schoolspecialindex/2020/1045/51/1/8/1.json
2021-06-26 17:55:00 [Thread-16] INFO  org.yefei.service.SchoolScoreService - 黑河学院 采集2020年分数没有结果
2021-06-26 17:55:02 [Thread-16] INFO  org.yefei.http.OkHttpClient - 准备调用http服务: https://static-data.eol.cn/www/2.0/schoolspecialindex/2019/1045/51/1/8/1.json
2021-06-26 17:55:10 [Thread-16] INFO  org.yefei.http.OkHttpClient - 准备调用http服务: https://static-data.eol.cn/www/2.0/schoolspecialindex/2019/1045/51/1/8/2.json
2021-06-26 17:55:17 [Thread-16] INFO  org.yefei.http.OkHttpClient - 准备调用http服务: https://static-data.eol.cn/www/2.0/schoolspecialindex/2018/1045/51/1/8/1.json
2021-06-26 17:55:26 [Thread-16] INFO  org.yefei.http.OkHttpClient - 准备调用http服务: https://static-data.eol.cn/www/2.0/schoolspecialindex/2018/1045/51/1/8/2.json
2021-06-26 17:55:31 [Thread-16] INFO  org.yefei.service.SchoolScoreService - 绥化学院 查询录取分
2021-06-26 17:55:33 [Thread-16] INFO  org.yefei.http.OkHttpClient - 准备调用http服务: https://static-data.eol.cn/www/2.0/schoolspecialindex/2020/1063/51/1/8/1.json
2021-06-26 17:55:33 [Thread-16] INFO  org.yefei.service.SchoolScoreService - 绥化学院 采集2020年分数没有结果
2021-06-26 17:55:35 [Thread-16] INFO  org.yefei.http.OkHttpClient - 准备调用http服务: https://static-data.eol.cn/www/2.0/schoolspecialindex/2019/1063/51/1/8/1.json
2021-06-26 17:55:44 [Thread-16] INFO  org.yefei.http.OkHttpClient - 准备调用http服务: https://static-data.eol.cn/www/2.0/schoolspecialindex/2019/1063/51/1/8/2.json
2021-06-26 17:55:52 [Thread-16] INFO  org.yefei.http.OkHttpClient - 准备调用http服务: https://static-data.eol.cn/www/2.0/schoolspecialindex/2019/1063/51/1/8/3.json
2021-06-26 17:55:55 [Thread-16] INFO  org.yefei.http.OkHttpClient - 准备调用http服务: https://static-data.eol.cn/www/2.0/schoolspecialindex/2018/1063/51/1/8/1.json
2021-06-26 17:56:04 [Thread-16] INFO  org.yefei.http.OkHttpClient - 准备调用http服务: https://static-data.eol.cn/www/2.0/schoolspecialindex/2018/1063/51/1/8/2.json
2021-06-26 17:56:10 [Thread-16] INFO  org.yefei.service.SchoolScoreService - 黑龙江财经学院 查询录取分
2021-06-26 17:56:12 [Thread-16] INFO  org.yefei.http.OkHttpClient - 准备调用http服务: https://static-data.eol.cn/www/2.0/schoolspecialindex/2020/2537/51/1/8/1.json
2021-06-26 17:56:12 [Thread-16] INFO  org.yefei.service.SchoolScoreService - 黑龙江财经学院 采集2020年分数没有结果
2021-06-26 17:56:14 [Thread-16] INFO  org.yefei.http.OkHttpClient - 准备调用http服务: https://static-data.eol.cn/www/2.0/schoolspecialindex/2019/2537/51/1/8/1.json
2021-06-26 17:56:22 [Thread-16] INFO  org.yefei.http.OkHttpClient - 准备调用http服务: https://static-data.eol.cn/www/2.0/schoolspecialindex/2019/2537/51/1/8/2.json
2021-06-26 17:56:29 [Thread-16] INFO  org.yefei.http.OkHttpClient - 准备调用http服务: https://static-data.eol.cn/www/2.0/schoolspecialindex/2018/2537/51/1/8/1.json
2021-06-26 17:56:37 [Thread-16] INFO  org.yefei.http.OkHttpClient - 准备调用http服务: https://static-data.eol.cn/www/2.0/schoolspecialindex/2018/2537/51/1/8/2.json
2021-06-26 17:56:46 [Thread-16] INFO  org.yefei.http.OkHttpClient - 准备调用http服务: https://static-data.eol.cn/www/2.0/schoolspecialindex/2018/2537/51/1/8/3.json
2021-06-26 17:56:46 [Thread-16] INFO  org.yefei.service.SchoolScoreService - 牡丹江大学 查询录取分
2021-06-26 17:56:49 [Thread-16] INFO  org.yefei.http.OkHttpClient - 准备调用http服务: https://static-data.eol.cn/www/2.0/schoolspecialindex/2020/766/51/1/8/1.json
2021-06-26 17:56:49 [Thread-16] INFO  org.yefei.service.SchoolScoreService - 牡丹江大学 采集2020年分数没有结果
2021-06-26 17:56:51 [Thread-16] INFO  org.yefei.http.OkHttpClient - 准备调用http服务: https://static-data.eol.cn/www/2.0/schoolspecialindex/2019/766/51/1/8/1.json
2021-06-26 17:56:51 [Thread-16] INFO  org.yefei.service.SchoolScoreService - 牡丹江大学 采集2019年分数没有结果
2021-06-26 17:56:54 [Thread-16] INFO  org.yefei.http.OkHttpClient - 准备调用http服务: https://static-data.eol.cn/www/2.0/schoolspecialindex/2018/766/51/1/8/1.json
2021-06-26 17:56:54 [Thread-16] INFO  org.yefei.service.SchoolScoreService - 牡丹江大学 采集2018年分数没有结果
2021-06-26 17:56:54 [Thread-16] INFO  org.yefei.service.SchoolScoreService - 哈尔滨信息工程学院 查询录取分
2021-06-26 17:56:56 [Thread-16] INFO  org.yefei.http.OkHttpClient - 准备调用http服务: https://static-data.eol.cn/www/2.0/schoolspecialindex/2020/763/51/1/8/1.json
2021-06-26 17:57:04 [Thread-16] INFO  org.yefei.http.OkHttpClient - 准备调用http服务: https://static-data.eol.cn/www/2.0/schoolspecialindex/2019/763/51/1/8/1.json
2021-06-26 17:57:10 [Thread-16] INFO  org.yefei.http.OkHttpClient - 准备调用http服务: https://static-data.eol.cn/www/2.0/schoolspecialindex/2018/763/51/1/8/1.json
2021-06-26 17:57:13 [Thread-16] INFO  org.yefei.service.SchoolScoreService - 黑龙江工业学院 查询录取分
2021-06-26 17:57:15 [Thread-16] INFO  org.yefei.http.OkHttpClient - 准备调用http服务: https://static-data.eol.cn/www/2.0/schoolspecialindex/2020/765/51/1/8/1.json
2021-06-26 17:57:15 [Thread-16] INFO  org.yefei.service.SchoolScoreService - 黑龙江工业学院 采集2020年分数没有结果
2021-06-26 17:57:17 [Thread-16] INFO  org.yefei.http.OkHttpClient - 准备调用http服务: https://static-data.eol.cn/www/2.0/schoolspecialindex/2019/765/51/1/8/1.json
2021-06-26 17:57:26 [Thread-16] INFO  org.yefei.http.OkHttpClient - 准备调用http服务: https://static-data.eol.cn/www/2.0/schoolspecialindex/2019/765/51/1/8/2.json
2021-06-26 17:57:32 [Thread-16] INFO  org.yefei.http.OkHttpClient - 准备调用http服务: https://static-data.eol.cn/www/2.0/schoolspecialindex/2018/765/51/1/8/1.json
2021-06-26 17:57:40 [Thread-16] INFO  org.yefei.http.OkHttpClient - 准备调用http服务: https://static-data.eol.cn/www/2.0/schoolspecialindex/2018/765/51/1/8/2.json
2021-06-26 17:57:41 [Thread-16] INFO  org.yefei.service.SchoolScoreService - 黑龙江工商学院 查询录取分
2021-06-26 17:57:43 [Thread-16] INFO  org.yefei.http.OkHttpClient - 准备调用http服务: https://static-data.eol.cn/www/2.0/schoolspecialindex/2020/2532/51/1/8/1.json
2021-06-26 17:57:50 [Thread-16] INFO  org.yefei.http.OkHttpClient - 准备调用http服务: https://static-data.eol.cn/www/2.0/schoolspecialindex/2019/2532/51/1/8/1.json
2021-06-26 17:57:57 [Thread-16] INFO  org.yefei.http.OkHttpClient - 准备调用http服务: https://static-data.eol.cn/www/2.0/schoolspecialindex/2018/2532/51/1/8/1.json
2021-06-26 17:58:01 [Thread-16] INFO  org.yefei.service.SchoolScoreService - 哈尔滨华德学院 查询录取分
2021-06-26 17:58:03 [Thread-16] INFO  org.yefei.http.OkHttpClient - 准备调用http服务: https://static-data.eol.cn/www/2.0/schoolspecialindex/2020/2531/51/1/8/1.json
2021-06-26 17:58:03 [Thread-16] INFO  org.yefei.service.SchoolScoreService - 哈尔滨华德学院 采集2020年分数没有结果
2021-06-26 17:58:06 [Thread-16] INFO  org.yefei.http.OkHttpClient - 准备调用http服务: https://static-data.eol.cn/www/2.0/schoolspecialindex/2019/2531/51/1/8/1.json
2021-06-26 17:58:14 [Thread-16] INFO  org.yefei.http.OkHttpClient - 准备调用http服务: https://static-data.eol.cn/www/2.0/schoolspecialindex/2019/2531/51/1/8/2.json
2021-06-26 17:58:19 [Thread-16] INFO  org.yefei.http.OkHttpClient - 准备调用http服务: https://static-data.eol.cn/www/2.0/schoolspecialindex/2018/2531/51/1/8/1.json
2021-06-26 17:58:27 [Thread-16] INFO  org.yefei.http.OkHttpClient - 准备调用http服务: https://static-data.eol.cn/www/2.0/schoolspecialindex/2018/2531/51/1/8/2.json
2021-06-26 17:58:31 [Thread-16] INFO  org.yefei.service.SchoolScoreService - 哈尔滨剑桥学院 查询录取分
2021-06-26 17:58:33 [Thread-16] INFO  org.yefei.http.OkHttpClient - 准备调用http服务: https://static-data.eol.cn/www/2.0/schoolspecialindex/2020/2533/51/1/8/1.json
2021-06-26 17:58:33 [Thread-16] INFO  org.yefei.service.SchoolScoreService - 哈尔滨剑桥学院 采集2020年分数没有结果
2021-06-26 17:58:36 [Thread-16] INFO  org.yefei.http.OkHttpClient - 准备调用http服务: https://static-data.eol.cn/www/2.0/schoolspecialindex/2019/2533/51/1/8/1.json
2021-06-26 17:58:44 [Thread-16] INFO  org.yefei.http.OkHttpClient - 准备调用http服务: https://static-data.eol.cn/www/2.0/schoolspecialindex/2019/2533/51/1/8/2.json
2021-06-26 17:58:49 [Thread-16] INFO  org.yefei.http.OkHttpClient - 准备调用http服务: https://static-data.eol.cn/www/2.0/schoolspecialindex/2018/2533/51/1/8/1.json
2021-06-26 17:58:57 [Thread-16] INFO  org.yefei.http.OkHttpClient - 准备调用http服务: https://static-data.eol.cn/www/2.0/schoolspecialindex/2018/2533/51/1/8/2.json
2021-06-26 17:59:00 [Thread-16] INFO  org.yefei.service.SchoolScoreService - 齐齐哈尔工程学院 查询录取分
2021-06-26 17:59:03 [Thread-16] INFO  org.yefei.http.OkHttpClient - 准备调用http服务: https://static-data.eol.cn/www/2.0/schoolspecialindex/2020/767/51/1/8/1.json
2021-06-26 17:59:03 [Thread-16] INFO  org.yefei.service.SchoolScoreService - 齐齐哈尔工程学院 采集2020年分数没有结果
2021-06-26 17:59:05 [Thread-16] INFO  org.yefei.http.OkHttpClient - 准备调用http服务: https://static-data.eol.cn/www/2.0/schoolspecialindex/2019/767/51/1/8/1.json
2021-06-26 17:59:13 [Thread-16] INFO  org.yefei.http.OkHttpClient - 准备调用http服务: https://static-data.eol.cn/www/2.0/schoolspecialindex/2018/767/51/1/8/1.json
2021-06-26 17:59:19 [Thread-16] INFO  org.yefei.service.SchoolScoreService - 哈尔滨石油学院 查询录取分
2021-06-26 17:59:21 [Thread-16] INFO  org.yefei.http.OkHttpClient - 准备调用http服务: https://static-data.eol.cn/www/2.0/schoolspecialindex/2020/2535/51/1/8/1.json
2021-06-26 17:59:21 [Thread-16] INFO  org.yefei.service.SchoolScoreService - 哈尔滨石油学院 采集2020年分数没有结果
2021-06-26 17:59:23 [Thread-16] INFO  org.yefei.http.OkHttpClient - 准备调用http服务: https://static-data.eol.cn/www/2.0/schoolspecialindex/2019/2535/51/1/8/1.json
2021-06-26 17:59:32 [Thread-16] INFO  org.yefei.http.OkHttpClient - 准备调用http服务: https://static-data.eol.cn/www/2.0/schoolspecialindex/2019/2535/51/1/8/2.json
2021-06-26 17:59:36 [Thread-16] INFO  org.yefei.http.OkHttpClient - 准备调用http服务: https://static-data.eol.cn/www/2.0/schoolspecialindex/2018/2535/51/1/8/1.json
2021-06-26 17:59:45 [Thread-16] INFO  org.yefei.http.OkHttpClient - 准备调用http服务: https://static-data.eol.cn/www/2.0/schoolspecialindex/2018/2535/51/1/8/2.json
2021-06-26 17:59:46 [Thread-16] INFO  org.yefei.service.SchoolScoreService - 哈尔滨远东理工学院 查询录取分
2021-06-26 17:59:48 [Thread-16] INFO  org.yefei.http.OkHttpClient - 准备调用http服务: https://static-data.eol.cn/www/2.0/schoolspecialindex/2020/2530/51/1/8/1.json
2021-06-26 17:59:49 [Thread-16] INFO  org.yefei.service.SchoolScoreService - 哈尔滨远东理工学院 采集2020年分数没有结果
2021-06-26 17:59:51 [Thread-16] INFO  org.yefei.http.OkHttpClient - 准备调用http服务: https://static-data.eol.cn/www/2.0/schoolspecialindex/2019/2530/51/1/8/1.json
2021-06-26 17:59:59 [Thread-16] INFO  org.yefei.http.OkHttpClient - 准备调用http服务: https://static-data.eol.cn/www/2.0/schoolspecialindex/2018/2530/51/1/8/1.json
2021-06-26 18:00:06 [Thread-16] INFO  org.yefei.service.SchoolScoreService - 哈尔滨体育学院 查询录取分
2021-06-26 18:00:08 [Thread-16] INFO  org.yefei.http.OkHttpClient - 准备调用http服务: https://static-data.eol.cn/www/2.0/schoolspecialindex/2020/2189/51/1/8/1.json
2021-06-26 18:00:08 [Thread-16] INFO  org.yefei.service.SchoolScoreService - 哈尔滨体育学院 采集2020年分数没有结果
2021-06-26 18:00:10 [Thread-16] INFO  org.yefei.http.OkHttpClient - 准备调用http服务: https://static-data.eol.cn/www/2.0/schoolspecialindex/2019/2189/51/1/8/1.json
2021-06-26 18:00:11 [Thread-16] INFO  org.yefei.service.SchoolScoreService - 哈尔滨体育学院 采集2019年分数没有结果
2021-06-26 18:00:13 [Thread-16] INFO  org.yefei.http.OkHttpClient - 准备调用http服务: https://static-data.eol.cn/www/2.0/schoolspecialindex/2018/2189/51/1/8/1.json
2021-06-26 18:00:13 [Thread-16] INFO  org.yefei.service.SchoolScoreService - 哈尔滨体育学院 采集2018年分数没有结果
2021-06-26 18:00:13 [Thread-16] INFO  org.yefei.service.SchoolScoreService - 哈尔滨广厦学院 查询录取分
2021-06-26 18:00:15 [Thread-16] INFO  org.yefei.http.OkHttpClient - 准备调用http服务: https://static-data.eol.cn/www/2.0/schoolspecialindex/2020/2534/51/1/8/1.json
2021-06-26 18:00:15 [Thread-16] INFO  org.yefei.service.SchoolScoreService - 哈尔滨广厦学院 采集2020年分数没有结果
2021-06-26 18:00:18 [Thread-16] INFO  org.yefei.http.OkHttpClient - 准备调用http服务: https://static-data.eol.cn/www/2.0/schoolspecialindex/2019/2534/51/1/8/1.json
2021-06-26 18:00:24 [Thread-16] INFO  org.yefei.http.OkHttpClient - 准备调用http服务: https://static-data.eol.cn/www/2.0/schoolspecialindex/2018/2534/51/1/8/1.json
2021-06-26 18:00:28 [Thread-16] INFO  org.yefei.service.SchoolScoreService - 黑龙江工程学院昆仑旅游学院 查询录取分
2021-06-26 18:00:30 [Thread-16] INFO  org.yefei.http.OkHttpClient - 准备调用http服务: https://static-data.eol.cn/www/2.0/schoolspecialindex/2020/2536/51/1/8/1.json
2021-06-26 18:00:30 [Thread-16] INFO  org.yefei.service.SchoolScoreService - 黑龙江工程学院昆仑旅游学院 采集2020年分数没有结果
2021-06-26 18:00:32 [Thread-16] INFO  org.yefei.http.OkHttpClient - 准备调用http服务: https://static-data.eol.cn/www/2.0/schoolspecialindex/2019/2536/51/1/8/1.json
2021-06-26 18:00:37 [Thread-16] INFO  org.yefei.http.OkHttpClient - 准备调用http服务: https://static-data.eol.cn/www/2.0/schoolspecialindex/2018/2536/51/1/8/1.json
2021-06-26 18:00:38 [Thread-16] INFO  org.yefei.service.SchoolScoreService - 解放军空军哈尔滨飞行学院 查询录取分
2021-06-26 18:00:41 [Thread-16] INFO  org.yefei.http.OkHttpClient - 准备调用http服务: https://static-data.eol.cn/www/2.0/schoolspecialindex/2020/2982/51/1/8/1.json
2021-06-26 18:00:41 [Thread-16] INFO  org.yefei.service.SchoolScoreService - 解放军空军哈尔滨飞行学院 采集2020年分数没有结果
2021-06-26 18:00:43 [Thread-16] INFO  org.yefei.http.OkHttpClient - 准备调用http服务: https://static-data.eol.cn/www/2.0/schoolspecialindex/2019/2982/51/1/8/1.json
2021-06-26 18:00:43 [Thread-16] INFO  org.yefei.service.SchoolScoreService - 解放军空军哈尔滨飞行学院 采集2019年分数没有结果
2021-06-26 18:00:45 [Thread-16] INFO  org.yefei.http.OkHttpClient - 准备调用http服务: https://static-data.eol.cn/www/2.0/schoolspecialindex/2018/2982/51/1/8/1.json
2021-06-26 18:00:46 [Thread-16] INFO  org.yefei.service.SchoolScoreService - 解放军空军哈尔滨飞行学院 采集2018年分数没有结果
2021-06-26 18:00:46 [Thread-16] INFO  org.yefei.service.SchoolScoreService - 哈尔滨音乐学院 查询录取分
2021-06-26 18:00:48 [Thread-16] INFO  org.yefei.http.OkHttpClient - 准备调用http服务: https://static-data.eol.cn/www/2.0/schoolspecialindex/2020/3270/51/1/8/1.json
2021-06-26 18:00:48 [Thread-16] INFO  org.yefei.service.SchoolScoreService - 哈尔滨音乐学院 采集2020年分数没有结果
2021-06-26 18:00:50 [Thread-16] INFO  org.yefei.http.OkHttpClient - 准备调用http服务: https://static-data.eol.cn/www/2.0/schoolspecialindex/2019/3270/51/1/8/1.json
2021-06-26 18:00:50 [Thread-16] INFO  org.yefei.service.SchoolScoreService - 哈尔滨音乐学院 采集2019年分数没有结果
2021-06-26 18:00:53 [Thread-16] INFO  org.yefei.http.OkHttpClient - 准备调用http服务: https://static-data.eol.cn/www/2.0/schoolspecialindex/2018/3270/51/1/8/1.json
2021-06-26 18:00:53 [Thread-16] INFO  org.yefei.service.SchoolScoreService - 哈尔滨音乐学院 采集2018年分数没有结果
2021-06-26 18:00:53 [Thread-16] INFO  org.yefei.controller.IndexController - 执行完毕